host: g-c-1-7-30
Building DAG of jobs...
Using shell: /usr/bin/bash
Provided remote nodes: 1
Select jobs to execute...
Execute 1 jobs...

[Wed Oct  1 09:05:35 2025]
rule clustalo:
    input: ../../vsearch/nAB_Clu1_derep.fasta
    output: ../../clustalo/nAB_Clu1.aln
    jobid: 0
    reason: Forced execution
    wildcards: sample=nAB_Clu1
    resources: mem_mb=64000, mem_mib=61036, disk_mb=1369, disk_mib=1306, tmpdir=<TBD>, ntasks=1, threads=1, runtime=1500, cpus_per_task=8
host: g-c-1-7-30
Building DAG of jobs...
Using shell: /usr/bin/bash
Provided cores: 8
Rules claiming more threads will be scaled down.
Select jobs to execute...
Execute 1 jobs...

[Wed Oct  1 09:05:41 2025]
localrule clustalo:
    input: ../../vsearch/nAB_Clu1_derep.fasta
    output: ../../clustalo/nAB_Clu1.aln
    jobid: 0
    reason: Forced execution
    wildcards: sample=nAB_Clu1
    resources: mem_mb=64000, mem_mib=61036, disk_mb=1369, disk_mib=1306, tmpdir=/tmp, ntasks=1, threads=1, runtime=1500, cpus_per_task=8
