host: g-c-1-7-22
Building DAG of jobs...
You are running snakemake in a SLURM job context. This is not recommended, as it may lead to unexpected behavior. Please run Snakemake directly on the login node.
SLURM run ID: d8cfbd57-2e59-49f2-a65e-c539143939da
Using shell: /usr/bin/bash
Provided remote nodes: 9
Job stats:
job           count
----------  -------
all               1
raw_fastqc        9
total            10

Select jobs to execute...
Failed to solve scheduling problem with ILP solver, falling back to greedy scheduler. You likely have to fix your ILP solver installation. Error message: PULP_CBC_CMD: Not Available (check permissions on cbc)
Execute 9 jobs...
[Wed Sep 24 14:17:57 2025]
rule raw_fastqc:
    input: ../../fastq/nAB_ApoE2_1_CL_Whole_C1_WMGAS_A43784_SC2134209-SC3_AATCACGACC_L001_R1_001.fastq.gz, ../../fastq/nAB_ApoE2_1_CL_Whole_C1_WMGAS_A43784_SC2134209-SC3_AATCACGACC_L001_R2_001.fastq.gz
    output: ../../rawQC/nAB_ApoE2_fq1_fastqc.zip, ../../rawQC/nAB_ApoE2_fq1_fastqc.html, ../../rawQC/nAB_ApoE2_fq2_fastqc.zip, ../../rawQC/nAB_ApoE2_fq2_fastqc.html
    jobid: 6
    reason: Missing output files: ../../rawQC/nAB_ApoE2_fq1_fastqc.html, ../../rawQC/nAB_ApoE2_fq2_fastqc.html
    wildcards: sample=nAB_ApoE2
    resources: mem_mb=64000, mem_mib=61036, disk_mb=1000, disk_mib=954, tmpdir=<TBD>, ntasks=1, threads=8, runtime=45, cpus_per_task=8, mem_gb=64, walltime=01:30:00
No SLURM account given, trying to guess.
Unable to guess SLURM account. Trying to proceed without.
Job 6 has been submitted with SLURM jobid 25937699 (log: /tgen_labs/jfryer/kolney/nanobody/scripts/01_processing/.snakemake/slurm_logs/rule_raw_fastqc/nAB_ApoE2/25937699.log).
[Wed Sep 24 14:17:58 2025]
rule raw_fastqc:
    input: ../../fastq/nAB_Clu1_1_CL_Whole_C1_WMGAS_A43781_SC2134209-SC3_GTGGCACGAA_L001_R1_001.fastq.gz, ../../fastq/nAB_Clu1_1_CL_Whole_C1_WMGAS_A43781_SC2134209-SC3_GTGGCACGAA_L001_R2_001.fastq.gz
    output: ../../rawQC/nAB_Clu1_fq1_fastqc.zip, ../../rawQC/nAB_Clu1_fq1_fastqc.html, ../../rawQC/nAB_Clu1_fq2_fastqc.zip, ../../rawQC/nAB_Clu1_fq2_fastqc.html
    jobid: 8
    reason: Missing output files: ../../rawQC/nAB_Clu1_fq2_fastqc.html, ../../rawQC/nAB_Clu1_fq1_fastqc.html
    wildcards: sample=nAB_Clu1
    resources: mem_mb=64000, mem_mib=61036, disk_mb=1000, disk_mib=954, tmpdir=<TBD>, ntasks=1, threads=8, runtime=45, cpus_per_task=8, mem_gb=64, walltime=01:30:00
Job 8 has been submitted with SLURM jobid 25937701 (log: /tgen_labs/jfryer/kolney/nanobody/scripts/01_processing/.snakemake/slurm_logs/rule_raw_fastqc/nAB_Clu1/25937701.log).
[Wed Sep 24 14:17:58 2025]
rule raw_fastqc:
    input: ../../fastq/nAB_Abeta1_1_CL_Whole_C1_WMGAS_A43777_SC2134209-SC3_AGAGTATCAG_L001_R1_001.fastq.gz, ../../fastq/nAB_Abeta1_1_CL_Whole_C1_WMGAS_A43777_SC2134209-SC3_AGAGTATCAG_L001_R2_001.fastq.gz
    output: ../../rawQC/nAB_Abeta1_fq1_fastqc.zip, ../../rawQC/nAB_Abeta1_fq1_fastqc.html, ../../rawQC/nAB_Abeta1_fq2_fastqc.zip, ../../rawQC/nAB_Abeta1_fq2_fastqc.html
    jobid: 1
    reason: Missing output files: ../../rawQC/nAB_Abeta1_fq1_fastqc.html, ../../rawQC/nAB_Abeta1_fq2_fastqc.html
    wildcards: sample=nAB_Abeta1
    resources: mem_mb=64000, mem_mib=61036, disk_mb=1000, disk_mib=954, tmpdir=<TBD>, ntasks=1, threads=8, runtime=45, cpus_per_task=8, mem_gb=64, walltime=01:30:00
Job 1 has been submitted with SLURM jobid 25937703 (log: /tgen_labs/jfryer/kolney/nanobody/scripts/01_processing/.snakemake/slurm_logs/rule_raw_fastqc/nAB_Abeta1/25937703.log).
[Wed Sep 24 14:17:58 2025]
rule raw_fastqc:
    input: ../../fastq/nAB_Abeta3_1_CL_Whole_C1_WMGAS_A43779_SC2134209-SC3_GGTCATCTCG_L001_R1_001.fastq.gz, ../../fastq/nAB_Abeta3_1_CL_Whole_C1_WMGAS_A43779_SC2134209-SC3_GGTCATCTCG_L001_R2_001.fastq.gz
    output: ../../rawQC/nAB_Abeta3_fq1_fastqc.zip, ../../rawQC/nAB_Abeta3_fq1_fastqc.html, ../../rawQC/nAB_Abeta3_fq2_fastqc.zip, ../../rawQC/nAB_Abeta3_fq2_fastqc.html
    jobid: 3
    reason: Missing output files: ../../rawQC/nAB_Abeta3_fq1_fastqc.html, ../../rawQC/nAB_Abeta3_fq2_fastqc.html
    wildcards: sample=nAB_Abeta3
    resources: mem_mb=64000, mem_mib=61036, disk_mb=1000, disk_mib=954, tmpdir=<TBD>, ntasks=1, threads=8, runtime=45, cpus_per_task=8, mem_gb=64, walltime=01:30:00
Job 3 has been submitted with SLURM jobid 25937704 (log: /tgen_labs/jfryer/kolney/nanobody/scripts/01_processing/.snakemake/slurm_logs/rule_raw_fastqc/nAB_Abeta3/25937704.log).
[Wed Sep 24 14:17:58 2025]
rule raw_fastqc:
    input: ../../fastq/nAB_ApoE1_1_CL_Whole_C1_WMGAS_A43783_SC2134209-SC3_CGCTAAGGCT_L001_R1_001.fastq.gz, ../../fastq/nAB_ApoE1_1_CL_Whole_C1_WMGAS_A43783_SC2134209-SC3_CGCTAAGGCT_L001_R2_001.fastq.gz
    output: ../../rawQC/nAB_ApoE1_fq1_fastqc.zip, ../../rawQC/nAB_ApoE1_fq1_fastqc.html, ../../rawQC/nAB_ApoE1_fq2_fastqc.zip, ../../rawQC/nAB_ApoE1_fq2_fastqc.html
    jobid: 5
    reason: Missing output files: ../../rawQC/nAB_ApoE1_fq2_fastqc.html, ../../rawQC/nAB_ApoE1_fq1_fastqc.html
    wildcards: sample=nAB_ApoE1
    resources: mem_mb=64000, mem_mib=61036, disk_mb=1025, disk_mib=978, tmpdir=<TBD>, ntasks=1, threads=8, runtime=45, cpus_per_task=8, mem_gb=64, walltime=01:30:00
Job 5 has been submitted with SLURM jobid 25937709 (log: /tgen_labs/jfryer/kolney/nanobody/scripts/01_processing/.snakemake/slurm_logs/rule_raw_fastqc/nAB_ApoE1/25937709.log).
[Wed Sep 24 14:17:58 2025]
rule raw_fastqc:
    input: ../../fastq/nAB_ApoE3_1_CL_Whole_C1_WMGAS_A43785_SC2134209-SC3_GTAGCTGTCG_L001_R1_001.fastq.gz, ../../fastq/nAB_ApoE3_1_CL_Whole_C1_WMGAS_A43785_SC2134209-SC3_GTAGCTGTCG_L001_R2_001.fastq.gz
    output: ../../rawQC/nAB_ApoE3_fq1_fastqc.zip, ../../rawQC/nAB_ApoE3_fq1_fastqc.html, ../../rawQC/nAB_ApoE3_fq2_fastqc.zip, ../../rawQC/nAB_ApoE3_fq2_fastqc.html
    jobid: 7
    reason: Missing output files: ../../rawQC/nAB_ApoE3_fq1_fastqc.html, ../../rawQC/nAB_ApoE3_fq2_fastqc.html
    wildcards: sample=nAB_ApoE3
    resources: mem_mb=64000, mem_mib=61036, disk_mb=1000, disk_mib=954, tmpdir=<TBD>, ntasks=1, threads=8, runtime=45, cpus_per_task=8, mem_gb=64, walltime=01:30:00
Job 7 has been submitted with SLURM jobid 25937710 (log: /tgen_labs/jfryer/kolney/nanobody/scripts/01_processing/.snakemake/slurm_logs/rule_raw_fastqc/nAB_ApoE3/25937710.log).
[Wed Sep 24 14:17:58 2025]
rule raw_fastqc:
    input: ../../fastq/nAB_Clu2_1_CL_Whole_C1_WMGAS_A43782_SC2134209-SC3_AAGCCTTAGA_L001_R1_001.fastq.gz, ../../fastq/nAB_Clu2_1_CL_Whole_C1_WMGAS_A43782_SC2134209-SC3_AAGCCTTAGA_L001_R2_001.fastq.gz
    output: ../../rawQC/nAB_Clu2_fq1_fastqc.zip, ../../rawQC/nAB_Clu2_fq1_fastqc.html, ../../rawQC/nAB_Clu2_fq2_fastqc.zip, ../../rawQC/nAB_Clu2_fq2_fastqc.html
    jobid: 9
    reason: Missing output files: ../../rawQC/nAB_Clu2_fq2_fastqc.html, ../../rawQC/nAB_Clu2_fq1_fastqc.html
    wildcards: sample=nAB_Clu2
    resources: mem_mb=64000, mem_mib=61036, disk_mb=1000, disk_mib=954, tmpdir=<TBD>, ntasks=1, threads=8, runtime=45, cpus_per_task=8, mem_gb=64, walltime=01:30:00
Job 9 has been submitted with SLURM jobid 25937712 (log: /tgen_labs/jfryer/kolney/nanobody/scripts/01_processing/.snakemake/slurm_logs/rule_raw_fastqc/nAB_Clu2/25937712.log).
[Wed Sep 24 14:17:59 2025]
rule raw_fastqc:
    input: ../../fastq/nAB_Abeta2_1_CL_Whole_C1_WMGAS_A43778_SC2134209-SC3_CTGGCGTATG_L001_R1_001.fastq.gz, ../../fastq/nAB_Abeta2_1_CL_Whole_C1_WMGAS_A43778_SC2134209-SC3_CTGGCGTATG_L001_R2_001.fastq.gz
    output: ../../rawQC/nAB_Abeta2_fq1_fastqc.zip, ../../rawQC/nAB_Abeta2_fq1_fastqc.html, ../../rawQC/nAB_Abeta2_fq2_fastqc.zip, ../../rawQC/nAB_Abeta2_fq2_fastqc.html
    jobid: 2
    reason: Missing output files: ../../rawQC/nAB_Abeta2_fq2_fastqc.html, ../../rawQC/nAB_Abeta2_fq1_fastqc.html
    wildcards: sample=nAB_Abeta2
    resources: mem_mb=64000, mem_mib=61036, disk_mb=1000, disk_mib=954, tmpdir=<TBD>, ntasks=1, threads=8, runtime=45, cpus_per_task=8, mem_gb=64, walltime=01:30:00
Job 2 has been submitted with SLURM jobid 25937714 (log: /tgen_labs/jfryer/kolney/nanobody/scripts/01_processing/.snakemake/slurm_logs/rule_raw_fastqc/nAB_Abeta2/25937714.log).
[Wed Sep 24 14:17:59 2025]
rule raw_fastqc:
    input: ../../fastq/nAB_Abeta4_1_CL_Whole_C1_WMGAS_A43780_SC2134209-SC3_TGTCGAACAA_L001_R1_001.fastq.gz, ../../fastq/nAB_Abeta4_1_CL_Whole_C1_WMGAS_A43780_SC2134209-SC3_TGTCGAACAA_L001_R2_001.fastq.gz
    output: ../../rawQC/nAB_Abeta4_fq1_fastqc.zip, ../../rawQC/nAB_Abeta4_fq1_fastqc.html, ../../rawQC/nAB_Abeta4_fq2_fastqc.zip, ../../rawQC/nAB_Abeta4_fq2_fastqc.html
    jobid: 4
    reason: Missing output files: ../../rawQC/nAB_Abeta4_fq2_fastqc.html, ../../rawQC/nAB_Abeta4_fq1_fastqc.html
    wildcards: sample=nAB_Abeta4
    resources: mem_mb=64000, mem_mib=61036, disk_mb=1000, disk_mib=954, tmpdir=<TBD>, ntasks=1, threads=8, runtime=45, cpus_per_task=8, mem_gb=64, walltime=01:30:00
Job 4 has been submitted with SLURM jobid 25937715 (log: /tgen_labs/jfryer/kolney/nanobody/scripts/01_processing/.snakemake/slurm_logs/rule_raw_fastqc/nAB_Abeta4/25937715.log).
[Wed Sep 24 14:19:22 2025]
Finished jobid: 6 (Rule: raw_fastqc)
1 of 10 steps (10%) done
[Wed Sep 24 14:19:22 2025]
Finished jobid: 8 (Rule: raw_fastqc)
2 of 10 steps (20%) done
[Wed Sep 24 14:19:22 2025]
Finished jobid: 1 (Rule: raw_fastqc)
3 of 10 steps (30%) done
[Wed Sep 24 14:19:22 2025]
Finished jobid: 3 (Rule: raw_fastqc)
4 of 10 steps (40%) done
[Wed Sep 24 14:19:22 2025]
Finished jobid: 5 (Rule: raw_fastqc)
5 of 10 steps (50%) done
[Wed Sep 24 14:19:23 2025]
Finished jobid: 7 (Rule: raw_fastqc)
6 of 10 steps (60%) done
[Wed Sep 24 14:19:23 2025]
Finished jobid: 9 (Rule: raw_fastqc)
7 of 10 steps (70%) done
[Wed Sep 24 14:19:23 2025]
Finished jobid: 2 (Rule: raw_fastqc)
8 of 10 steps (80%) done
[Wed Sep 24 14:19:23 2025]
Finished jobid: 4 (Rule: raw_fastqc)
9 of 10 steps (90%) done
Select jobs to execute...
Execute 1 jobs...
[Wed Sep 24 14:19:23 2025]
localrule all:
    input: ../../rawQC/nAB_Abeta1_fq1_fastqc.html, ../../rawQC/nAB_Abeta2_fq1_fastqc.html, ../../rawQC/nAB_Abeta3_fq1_fastqc.html, ../../rawQC/nAB_Abeta4_fq1_fastqc.html, ../../rawQC/nAB_ApoE1_fq1_fastqc.html, ../../rawQC/nAB_ApoE2_fq1_fastqc.html, ../../rawQC/nAB_ApoE3_fq1_fastqc.html, ../../rawQC/nAB_Clu1_fq1_fastqc.html, ../../rawQC/nAB_Clu2_fq1_fastqc.html, ../../rawQC/nAB_Abeta1_fq2_fastqc.html, ../../rawQC/nAB_Abeta2_fq2_fastqc.html, ../../rawQC/nAB_Abeta3_fq2_fastqc.html, ../../rawQC/nAB_Abeta4_fq2_fastqc.html, ../../rawQC/nAB_ApoE1_fq2_fastqc.html, ../../rawQC/nAB_ApoE2_fq2_fastqc.html, ../../rawQC/nAB_ApoE3_fq2_fastqc.html, ../../rawQC/nAB_Clu1_fq2_fastqc.html, ../../rawQC/nAB_Clu2_fq2_fastqc.html
    jobid: 0
    reason: Input files updated by another job: ../../rawQC/nAB_Clu2_fq2_fastqc.html, ../../rawQC/nAB_Abeta4_fq2_fastqc.html, ../../rawQC/nAB_Abeta2_fq1_fastqc.html, ../../rawQC/nAB_Abeta1_fq2_fastqc.html, ../../rawQC/nAB_Abeta4_fq1_fastqc.html, ../../rawQC/nAB_ApoE2_fq1_fastqc.html, ../../rawQC/nAB_Clu2_fq1_fastqc.html, ../../rawQC/nAB_Clu1_fq1_fastqc.html, ../../rawQC/nAB_ApoE3_fq1_fastqc.html, ../../rawQC/nAB_ApoE1_fq1_fastqc.html, ../../rawQC/nAB_ApoE2_fq2_fastqc.html, ../../rawQC/nAB_Abeta1_fq1_fastqc.html, ../../rawQC/nAB_Clu1_fq2_fastqc.html, ../../rawQC/nAB_Abeta2_fq2_fastqc.html, ../../rawQC/nAB_ApoE1_fq2_fastqc.html, ../../rawQC/nAB_Abeta3_fq1_fastqc.html, ../../rawQC/nAB_Abeta3_fq2_fastqc.html, ../../rawQC/nAB_ApoE3_fq2_fastqc.html
    resources: mem_mb=64000, mem_mib=61036, disk_mb=1000, disk_mib=954, tmpdir=/tmp, ntasks=1, threads=8, runtime=45, cpus_per_task=8
[Wed Sep 24 14:19:23 2025]
Finished jobid: 0 (Rule: all)
10 of 10 steps (100%) done
Complete log(s): /tgen_labs/jfryer/kolney/nanobody/scripts/01_processing/.snakemake/log/2025-09-24T141748.292119.snakemake.log
